0 info it worked if it ends with ok
1 verbose cli [ 'C:\\Program Files\\nodejs\\node.exe',
1 verbose cli   'C:\\Program Files\\nodejs\\node_modules\\npm\\bin\\npm-cli.js',
1 verbose cli   'install',
1 verbose cli   'serve-static.js' ]
2 info using npm@2.14.7
3 info using node@v4.2.1
4 verbose install initial load of C:\Users\bi301759\Desktop\nodeStream-master\nodeStream-master\client\package.json
5 verbose readDependencies loading dependencies from C:\Users\bi301759\Desktop\nodeStream-master\nodeStream-master\client\package.json
6 silly cache add args [ 'serve-static.js', null ]
7 verbose cache add spec serve-static.js
8 silly cache add parsed spec Result {
8 silly cache add   raw: 'serve-static.js',
8 silly cache add   scope: null,
8 silly cache add   name: 'serve-static.js',
8 silly cache add   rawSpec: '',
8 silly cache add   spec: '*',
8 silly cache add   type: 'range' }
9 silly addNamed serve-static.js@*
10 verbose addNamed "*" is a valid semver range for serve-static.js
11 silly addNameRange { name: 'serve-static.js', range: '*', hasData: false }
12 silly mapToRegistry name serve-static.js
13 silly mapToRegistry using default registry
14 silly mapToRegistry registry https://registry.npmjs.org/
15 silly mapToRegistry uri https://registry.npmjs.org/serve-static.js
16 verbose addNameRange registry:https://registry.npmjs.org/serve-static.js not in flight; fetching
17 verbose request uri https://registry.npmjs.org/serve-static.js
18 verbose request no auth needed
19 info attempt registry request try #1 at 10:05:41 AM
20 verbose request id 28c14a38c431a55a
21 http request GET https://registry.npmjs.org/serve-static.js
22 info retry will retry, error on last attempt: Error: connect ETIMEDOUT 103.245.222.162:443
23 info attempt registry request try #2 at 10:06:12 AM
24 http request GET https://registry.npmjs.org/serve-static.js
25 info retry will retry, error on last attempt: Error: connect ETIMEDOUT 103.245.222.162:443
26 info attempt registry request try #3 at 10:07:34 AM
27 http request GET https://registry.npmjs.org/serve-static.js
28 verbose stack Error: connect ETIMEDOUT 103.245.222.162:443
28 verbose stack     at Object.exports._errnoException (util.js:874:11)
28 verbose stack     at exports._exceptionWithHostPort (util.js:897:20)
28 verbose stack     at TCPConnectWrap.afterConnect [as oncomplete] (net.js:1063:14)
29 verbose cwd C:\Users\bi301759\Desktop\nodeStream-master\nodeStream-master\client
30 error Windows_NT 6.1.7601
31 error argv "C:\\Program Files\\nodejs\\node.exe" "C:\\Program Files\\nodejs\\node_modules\\npm\\bin\\npm-cli.js" "install" "serve-static.js"
32 error node v4.2.1
33 error npm  v2.14.7
34 error code ETIMEDOUT
35 error errno ETIMEDOUT
36 error syscall connect
37 error network connect ETIMEDOUT 103.245.222.162:443
37 error network This is most likely not a problem with npm itself
37 error network and is related to network connectivity.
37 error network In most cases you are behind a proxy or have bad network settings.
37 error network
37 error network If you are behind a proxy, please make sure that the
37 error network 'proxy' config is set properly.  See: 'npm help config'
38 verbose exit [ 1, true ]
